s:\brainstorm\c++_projects\deep-projection\deep-projection\x64\debug\vc141.pdb
s:\brainstorm\c++_projects\deep-projection\deep-projection\x64\debug\.netframework,version=v4.7.1.assemblyattributes.obj
s:\brainstorm\c++_projects\deep-projection\deep-projection\x64\debug\.netframework,version=v4.7.1.assemblyattributes.asm
s:\brainstorm\c++_projects\deep-projection\deep-projection\x64\debug\tbc.obj
s:\brainstorm\c++_projects\deep-projection\deep-projection\x64\debug\mainform.obj
s:\brainstorm\c++_projects\deep-projection\deep-projection\x64\debug\deepprojection.mainform.resources
s:\brainstorm\c++_projects\deep-projection\x64\debug\deep-projection.exe
s:\brainstorm\c++_projects\deep-projection\x64\debug\deep-projection.pdb
s:\brainstorm\c++_projects\deep-projection\deep-projection\x64\debug\deep-projection.vcxproj.generateresource.cache
s:\brainstorm\c++_projects\deep-projection\deep-projection\x64\debug\deep-projection.vcxprojassemblyreference.cache
s:\brainstorm\c++_projects\deep-projection\deep-projection\x64\debug\.netframework,version=v4.7.1.assemblyattributes.nativecodeanalysis.xml
s:\brainstorm\c++_projects\deep-projection\deep-projection\x64\debug\mainform.nativecodeanalysis.xml
s:\brainstorm\c++_projects\deep-projection\deep-projection\x64\debug\deep-projection.tlog\cl.command.1.tlog
s:\brainstorm\c++_projects\deep-projection\deep-projection\x64\debug\deep-projection.tlog\cl.read.1.tlog
s:\brainstorm\c++_projects\deep-projection\deep-projection\x64\debug\deep-projection.tlog\cl.write.1.tlog
s:\brainstorm\c++_projects\deep-projection\deep-projection\x64\debug\deep-projection.tlog\deep-projection.write.1u.tlog
s:\brainstorm\c++_projects\deep-projection\deep-projection\x64\debug\deep-projection.tlog\link.command.1.tlog
s:\brainstorm\c++_projects\deep-projection\deep-projection\x64\debug\deep-projection.tlog\link.read.1.tlog
s:\brainstorm\c++_projects\deep-projection\deep-projection\x64\debug\deep-projection.tlog\link.write.1.tlog
s:\brainstorm\c++_projects\deep-projection\deep-projection\x64\debug\deep-projection.tlog\metagen.read.1.tlog
s:\brainstorm\c++_projects\deep-projection\deep-projection\x64\debug\deep-projection.tlog\metagen.write.1.tlog
